start: s
accept: ac
reject: rj
blank: _

s _ -> next _ <
s 0 -> s 0 >
s 1 -> s 1 >
s 0' -> s 0' >
s 1' -> s 1' >
s + -> s + >

next 0 -> +0' _ <
next 1 -> +1' _ <
next + -> end _ <

+0' 0 -> +0' 0 <
+0' 1 -> +0' 1 <
+0' + -> +0 + <

+1' 0 -> +1' 0 <
+1' 1 -> +1' 1 <
+1' + -> +1 + <

+0 0' -> +0 0' <
+0 1' -> +0 1' <
+0 0 -> s 0' >
+0 1 -> s 1' >
+0 _ -> s 0' >

+1 0' -> +1 0' <
+1 1' -> +1 1' <
+1 0 -> s 1' >
+1 1 -> adc 0' <
+1 _ -> s 1' >

adc 0 -> s 1 >
adc 1 -> adc 0 <
adc _ -> s 1 >

end 0 -> end 0 <
end 1 -> end 1 <
end 0' -> end 0 <
end 1' -> end 1 <
end _ -> ac _ >
